Unity Editor version:    2020.3.17f1 (a4537701e4ab)
Branch:                  2020.3/staging
Build type:              Release
Batch mode:              YES
macOS version:           Version 10.15.4 (Build 19E287)
Darwin version:          19.4.0
Architecture:            x86_64
Running under Rosetta:   NO
Available memory:        8192 MB
Using pre-set license
Pro License: NO

COMMAND LINE ARGUMENTS:
/Applications/Unity/Hub/Editor/2020.3.17f1/Unity.app/Contents/MacOS/Unity
-adb2
-batchMode
-noUpm
-name
AssetImportWorker2
-projectPath
/Users/jorimi/Documents/Software-Innovation-Studio---Group-8/TheBipolarRabbit
-logFile
Logs/AssetImportWorker2.log
-srvPort
49713
Successfully changed project path to: /Users/jorimi/Documents/Software-Innovation-Studio---Group-8/TheBipolarRabbit
/Users/jorimi/Documents/Software-Innovation-Studio---Group-8/TheBipolarRabbit
Using Asset Import Pipeline V2.
Refreshing native plugins compatible for Editor in 1625.31 ms, found 3 plugins.
Preloading 0 native plugins for Editor in 0.00 ms.
Initialize engine version: 2020.3.17f1 (a4537701e4ab)
[Subsystems] Discovering subsystems at path /Applications/Unity/Hub/Editor/2020.3.17f1/Unity.app/Contents/Resources/UnitySubsystems
[Subsystems] Discovering subsystems at path /Users/jorimi/Documents/Software-Innovation-Studio---Group-8/TheBipolarRabbit/Assets
GfxDevice: creating device client; threaded=0
